2021-01-17 18:42:06.645+0000 INFO [o.n.g.f.m.e.CommunityEditionModule] No locking implementation specified, defaulting to 'community'
2021-01-17 18:42:06.984+0000 INFO [o.n.g.f.GraphDatabaseFacadeFactory] Creating 'graph.db' database.
2021-01-17 18:42:07.082+0000 INFO [o.n.k.a.DatabaseAvailabilityGuard] Requirement `Database available` makes database graph.db unavailable.
2021-01-17 18:42:07.085+0000 INFO [o.n.k.a.DatabaseAvailabilityGuard] Database graph.db is unavailable.
2021-01-17 18:42:07.136+0000 INFO [o.n.i.d.DiagnosticsManager] --- INITIALIZED diagnostics START ---
2021-01-17 18:42:07.137+0000 INFO [o.n.i.d.DiagnosticsManager] Neo4j Kernel properties:
2021-01-17 18:42:07.137+0000 INFO [o.n.i.d.DiagnosticsManager] dbms.connector.http.enabled=true
2021-01-17 18:42:07.137+0000 INFO [o.n.i.d.DiagnosticsManager] dbms.security.auth_enabled=true
2021-01-17 18:42:07.137+0000 INFO [o.n.i.d.DiagnosticsManager] dbms.windows_service_name=neo4j
2021-01-17 18:42:07.138+0000 INFO [o.n.i.d.DiagnosticsManager] dbms.connector.http.listen_address=0.0.0.0:7474
2021-01-17 18:42:07.138+0000 INFO [o.n.i.d.DiagnosticsManager] dbms.connector.https.listen_address=0.0.0.0:7473
2021-01-17 18:42:07.138+0000 INFO [o.n.i.d.DiagnosticsManager] unsupported.dbms.directories.neo4j_home=/var/lib/neo4j
2021-01-17 18:42:07.138+0000 INFO [o.n.i.d.DiagnosticsManager] dbms.connector.bolt.listen_address=0.0.0.0:7687
2021-01-17 18:42:07.138+0000 INFO [o.n.i.d.DiagnosticsManager] dbms.directories.import=/import
2021-01-17 18:42:07.138+0000 INFO [o.n.i.d.DiagnosticsManager] dbms.memory.pagecache.size=1G
2021-01-17 18:42:07.138+0000 INFO [o.n.i.d.DiagnosticsManager] unsupported.dbms.edition=community
2021-01-17 18:42:07.139+0000 INFO [o.n.i.d.DiagnosticsManager] dbms.directories.logs=/logs
2021-01-17 18:42:07.139+0000 INFO [o.n.i.d.DiagnosticsManager] dbms.connector.bolt.enabled=true
2021-01-17 18:42:07.139+0000 INFO [o.n.i.d.DiagnosticsManager] dbms.connector.https.enabled=true
2021-01-17 18:42:07.139+0000 INFO [o.n.i.d.DiagnosticsManager] dbms.jvm.additional=-XX:+UseG1GC
2021-01-17 18:42:07.139+0000 INFO [o.n.i.d.DiagnosticsManager] wrapper.java.additional=-Dneo4j.ext.udc.source=docker
2021-01-17 18:42:07.139+0000 INFO [o.n.i.d.DiagnosticsManager] dbms.directories.plugins=/plugins
2021-01-17 18:42:07.139+0000 INFO [o.n.i.d.DiagnosticsManager] dbms.connectors.default_listen_address=0.0.0.0
2021-01-17 18:42:07.139+0000 INFO [o.n.i.d.DiagnosticsManager] dbms.tx_log.rotation.retention_policy=100M size
2021-01-17 18:42:07.140+0000 INFO [o.n.i.d.DiagnosticsManager] dbms.memory.heap.max_size=1G
2021-01-17 18:42:07.140+0000 INFO [o.n.i.d.DiagnosticsManager] EDITION=community
2021-01-17 18:42:07.140+0000 INFO [o.n.i.d.DiagnosticsManager] HOME=/var/lib/neo4j
2021-01-17 18:42:07.140+0000 INFO [o.n.i.d.DiagnosticsManager] Diagnostics providers:
2021-01-17 18:42:07.140+0000 INFO [o.n.i.d.DiagnosticsManager] org.neo4j.kernel.configuration.Config
2021-01-17 18:42:07.140+0000 INFO [o.n.i.d.DiagnosticsManager] org.neo4j.internal.diagnostics.DiagnosticsManager
2021-01-17 18:42:07.140+0000 INFO [o.n.i.d.DiagnosticsManager] SYSTEM_MEMORY
2021-01-17 18:42:07.141+0000 INFO [o.n.i.d.DiagnosticsManager] JAVA_MEMORY
2021-01-17 18:42:07.141+0000 INFO [o.n.i.d.DiagnosticsManager] OPERATING_SYSTEM
2021-01-17 18:42:07.141+0000 INFO [o.n.i.d.DiagnosticsManager] JAVA_VIRTUAL_MACHINE
2021-01-17 18:42:07.141+0000 INFO [o.n.i.d.DiagnosticsManager] CLASSPATH
2021-01-17 18:42:07.141+0000 INFO [o.n.i.d.DiagnosticsManager] LIBRARY_PATH
2021-01-17 18:42:07.141+0000 INFO [o.n.i.d.DiagnosticsManager] SYSTEM_PROPERTIES
2021-01-17 18:42:07.141+0000 INFO [o.n.i.d.DiagnosticsManager] TIMEZONE_DATABASE
2021-01-17 18:42:07.141+0000 INFO [o.n.i.d.DiagnosticsManager] LINUX_SCHEDULERS
2021-01-17 18:42:07.142+0000 INFO [o.n.i.d.DiagnosticsManager] NETWORK
2021-01-17 18:42:07.142+0000 INFO [o.n.i.d.DiagnosticsManager] System memory information:
2021-01-17 18:42:07.156+0000 INFO [o.n.i.d.DiagnosticsManager] Total Physical memory: 6.10 GB
2021-01-17 18:42:07.156+0000 INFO [o.n.i.d.DiagnosticsManager] Free Physical memory: 1.82 GB
2021-01-17 18:42:07.157+0000 INFO [o.n.i.d.DiagnosticsManager] Committed virtual memory: 4.49 GB
2021-01-17 18:42:07.157+0000 INFO [o.n.i.d.DiagnosticsManager] Total swap space: 2.00 GB
2021-01-17 18:42:07.158+0000 INFO [o.n.i.d.DiagnosticsManager] Free swap space: 2.00 GB
2021-01-17 18:42:07.158+0000 INFO [o.n.i.d.DiagnosticsManager] JVM memory information:
2021-01-17 18:42:07.158+0000 INFO [o.n.i.d.DiagnosticsManager] Free  memory: 71.79 MB
2021-01-17 18:42:07.158+0000 INFO [o.n.i.d.DiagnosticsManager] Total memory: 98.00 MB
2021-01-17 18:42:07.159+0000 INFO [o.n.i.d.DiagnosticsManager] Max   memory: 1.00 GB
2021-01-17 18:42:07.160+0000 INFO [o.n.i.d.DiagnosticsManager] Garbage Collector: G1 Young Generation: [G1 Eden Space, G1 Survivor Space, G1 Old Gen]
2021-01-17 18:42:07.160+0000 INFO [o.n.i.d.DiagnosticsManager] Garbage Collector: G1 Old Generation: [G1 Eden Space, G1 Survivor Space, G1 Old Gen]
2021-01-17 18:42:07.161+0000 INFO [o.n.i.d.DiagnosticsManager] Memory Pool: Code Cache (Non-heap memory): committed=6.63 MB, used=6.56 MB, max=240.00 MB, threshold=0.00 B
2021-01-17 18:42:07.161+0000 INFO [o.n.i.d.DiagnosticsManager] Memory Pool: Metaspace (Non-heap memory): committed=21.30 MB, used=20.48 MB, max=-1.00 B, threshold=0.00 B
2021-01-17 18:42:07.162+0000 INFO [o.n.i.d.DiagnosticsManager] Memory Pool: Compressed Class Space (Non-heap memory): committed=2.63 MB, used=2.44 MB, max=1.00 GB, threshold=0.00 B
2021-01-17 18:42:07.162+0000 INFO [o.n.i.d.DiagnosticsManager] Memory Pool: G1 Eden Space (Heap memory): committed=56.00 MB, used=4.00 MB, max=-1.00 B, threshold=?
2021-01-17 18:42:07.162+0000 INFO [o.n.i.d.DiagnosticsManager] Memory Pool: G1 Survivor Space (Heap memory): committed=5.00 MB, used=5.00 MB, max=-1.00 B, threshold=?
2021-01-17 18:42:07.162+0000 INFO [o.n.i.d.DiagnosticsManager] Memory Pool: G1 Old Gen (Heap memory): committed=37.00 MB, used=16.21 MB, max=1.00 GB, threshold=0.00 B
2021-01-17 18:42:07.162+0000 INFO [o.n.i.d.DiagnosticsManager] Operating system information:
2021-01-17 18:42:07.163+0000 INFO [o.n.i.d.DiagnosticsManager] Operating System: Linux; version: 4.19.128-microsoft-standard; arch: amd64; cpus: 8
2021-01-17 18:42:07.163+0000 INFO [o.n.i.d.DiagnosticsManager] Max number of file descriptors: 1048576
2021-01-17 18:42:07.163+0000 INFO [o.n.i.d.DiagnosticsManager] Number of open file descriptors: 139
2021-01-17 18:42:07.165+0000 INFO [o.n.i.d.DiagnosticsManager] Process id: 7@c98611bbedeb
2021-01-17 18:42:07.165+0000 INFO [o.n.i.d.DiagnosticsManager] Byte order: LITTLE_ENDIAN
2021-01-17 18:42:07.168+0000 INFO [o.n.i.d.DiagnosticsManager] Local timezone: Etc/UTC
2021-01-17 18:42:07.169+0000 INFO [o.n.i.d.DiagnosticsManager] JVM information:
2021-01-17 18:42:07.169+0000 INFO [o.n.i.d.DiagnosticsManager] VM Name: OpenJDK 64-Bit Server VM
2021-01-17 18:42:07.169+0000 INFO [o.n.i.d.DiagnosticsManager] VM Vendor: Oracle Corporation
2021-01-17 18:42:07.169+0000 INFO [o.n.i.d.DiagnosticsManager] VM Version: 25.275-b01
2021-01-17 18:42:07.169+0000 INFO [o.n.i.d.DiagnosticsManager] JIT compiler: HotSpot 64-Bit Tiered Compilers
2021-01-17 18:42:07.169+0000 INFO [o.n.i.d.DiagnosticsManager] VM Arguments: [-Xmx1G, -XX:+UseG1GC, -XX:-OmitStackTraceInFastThrow, -XX:+AlwaysPreTouch, -XX:+UnlockExperimentalVMOptions, -XX:+TrustFinalNonStaticFields, -XX:+DisableExplicitGC, -Djdk.tls.ephemeralDHKeySize=2048, -Djdk.tls.rejectClientInitiatedRenegotiation=true, -Dunsupported.dbms.udc.source=docker, -Dfile.encoding=UTF-8]
2021-01-17 18:42:07.170+0000 INFO [o.n.i.d.DiagnosticsManager] Java classpath:
2021-01-17 18:42:07.172+0000 INFO [o.n.i.d.DiagnosticsManager]  [classpath + loader.0] file:/var/lib/neo4j/lib/neo4j-server-3.5.26.jar
2021-01-17 18:42:07.172+0000 INFO [o.n.i.d.DiagnosticsManager]  [classpath + loader.0] file:/var/lib/neo4j/lib/neo4j-cypher-expression-3.4-3.4.18.jar
2021-01-17 18:42:07.172+0000 INFO [o.n.i.d.DiagnosticsManager]  [classpath + loader.0] file:/var/lib/neo4j/lib/jackson-databind-2.10.2.jar
2021-01-17 18:42:07.172+0000 INFO [o.n.i.d.DiagnosticsManager]  [classpath + loader.0] file:/var/lib/neo4j/lib/jackson-jaxrs-base-2.10.2.jar
2021-01-17 18:42:07.173+0000 INFO [o.n.i.d.DiagnosticsManager]  [classpath + loader.0] file:/var/lib/neo4j/lib/neo4j-ssl-3.5.26.jar
2021-01-17 18:42:07.173+0000 INFO [o.n.i.d.DiagnosticsManager]  [classpath + loader.0] file:/var/lib/neo4j/lib/neo4j-data-collector-3.5.26.jar
2021-01-17 18:42:07.173+0000 INFO [o.n.i.d.DiagnosticsManager]  [classpath + loader.0] file:/var/lib/neo4j/lib/neo4j-cypher-logical-plans-3.4-3.4.18.jar
2021-01-17 18:42:07.179+0000 INFO [o.n.i.d.DiagnosticsManager]  [classpath + loader.0] file:/var/lib/neo4j/lib/openCypher-frontend-1-3.4.18.jar
2021-01-17 18:42:07.180+0000 INFO [o.n.i.d.DiagnosticsManager]  [classpath + loader.0] file:/var/lib/neo4j/lib/neo4j-common-3.5.26.jar
2021-01-17 18:42:07.180+0000 INFO [o.n.i.d.DiagnosticsManager]  [classpath + loader.0] file:/var/lib/neo4j/lib/neo4j-expressions-3.5-3.5.26.jar
2021-01-17 18:42:07.180+0000 INFO [o.n.i.d.DiagnosticsManager]  [classpath + loader.0] file:/var/lib/neo4j/lib/neo4j-import-tool-3.5.26.jar
2021-01-17 18:42:07.180+0000 INFO [o.n.i.d.DiagnosticsManager]  [loader.1] file:/usr/local/openjdk-8/lib/ext/zipfs.jar
2021-01-17 18:42:07.180+0000 INFO [o.n.i.d.DiagnosticsManager]  [classpath + loader.0] file:/var/lib/neo4j/lib/concurrentlinkedhashmap-lru-1.4.2.jar
2021-01-17 18:42:07.180+0000 INFO [o.n.i.d.DiagnosticsManager]  [classpath + loader.0] file:/var/lib/neo4j/lib/jackson-core-2.10.2.jar
2021-01-17 18:42:07.180+0000 INFO [o.n.i.d.DiagnosticsManager]  [classpath + loader.0] file:/var/lib/neo4j/lib/neo4j-rewriting-3.5-3.5.26.jar
2021-01-17 18:42:07.180+0000 INFO [o.n.i.d.DiagnosticsManager]  [classpath + loader.0] file:/var/lib/neo4j/lib/neo4j-annotation-processors-3.5.26.jar
2021-01-17 18:42:07.180+0000 INFO [o.n.i.d.DiagnosticsManager]  [classpath + loader.0] file:/var/lib/neo4j/lib/jPowerShell-1.9.jar
2021-01-17 18:42:07.180+0000 INFO [o.n.i.d.DiagnosticsManager]  [classpath + loader.0] file:/var/lib/neo4j/lib/neo4j-kernel-api-3.5.26.jar
2021-01-17 18:42:07.180+0000 INFO [o.n.i.d.DiagnosticsManager]  [loader.1] file:/usr/local/openjdk-8/lib/ext/sunec.jar
2021-01-17 18:42:07.180+0000 INFO [o.n.i.d.DiagnosticsManager]  [classpath + loader.0] file:/var/lib/neo4j/lib/neo4j-cypher-ir-3.4-3.4.18.jar
2021-01-17 18:42:07.180+0000 INFO [o.n.i.d.DiagnosticsManager]  [classpath + loader.0] file:/var/lib/neo4j/lib/neo4j-consistency-check-3.5.26.jar
2021-01-17 18:42:07.180+0000 INFO [o.n.i.d.DiagnosticsManager]  [classpath + loader.0] file:/plugins/*
2021-01-17 18:42:07.181+0000 INFO [o.n.i.d.DiagnosticsManager]  [classpath + loader.0] file:/var/lib/neo4j/lib/jakarta.activation-api-1.2.1.jar
2021-01-17 18:42:07.181+0000 INFO [o.n.i.d.DiagnosticsManager]  [loader.1] file:/usr/local/openjdk-8/lib/ext/sunjce_provider.jar
2021-01-17 18:42:07.181+0000 INFO [o.n.i.d.DiagnosticsManager]  [classpath + loader.0] file:/var/lib/neo4j/lib/neo4j-push-to-cloud-3.5.26.jar
2021-01-17 18:42:07.181+0000 INFO [o.n.i.d.DiagnosticsManager]  [classpath + loader.0] file:/var/lib/neo4j/lib/jersey-server-1.19.3.jar
2021-01-17 18:42:07.181+0000 INFO [o.n.i.d.DiagnosticsManager]  [classpath + loader.0] file:/var/lib/neo4j/lib/bcpkix-jdk15on-1.64.jar
2021-01-17 18:42:07.181+0000 INFO [o.n.i.d.DiagnosticsManager]  [classpath + loader.0] file:/var/lib/neo4j/lib/neo4j-io-3.5.26.jar
2021-01-17 18:42:07.181+0000 INFO [o.n.i.d.DiagnosticsManager]  [classpath + loader.0] file:/var/lib/neo4j/lib/neo4j-collections-3.5.26.jar
2021-01-17 18:42:07.181+0000 INFO [o.n.i.d.DiagnosticsManager]  [classpath + loader.0] file:/var/lib/neo4j/lib/commons-io-2.6.jar
2021-01-17 18:42:07.181+0000 INFO [o.n.i.d.DiagnosticsManager]  [classpath + loader.0] file:/var/lib/neo4j/lib/neo4j-lucene-index-3.5.26.jar
2021-01-17 18:42:07.181+0000 INFO [o.n.i.d.DiagnosticsManager]  [classpath + loader.0] file:/var/lib/neo4j/lib/neo4j-configuration-3.5.26.jar
2021-01-17 18:42:07.181+0000 INFO [o.n.i.d.DiagnosticsManager]  [loader.1] file:/usr/local/openjdk-8/lib/ext/dnsns.jar
2021-01-17 18:42:07.181+0000 INFO [o.n.i.d.DiagnosticsManager]  [classpath + loader.0] file:/var/lib/neo4j/lib/jersey-core-1.19.3.jar
2021-01-17 18:42:07.182+0000 INFO [o.n.i.d.DiagnosticsManager]  [classpath + loader.0] file:/var/lib/neo4j/lib/commons-configuration-1.10.jar
2021-01-17 18:42:07.182+0000 INFO [o.n.i.d.DiagnosticsManager]  [loader.1] file:/usr/local/openjdk-8/lib/ext/cldrdata.jar
2021-01-17 18:42:07.182+0000 INFO [o.n.i.d.DiagnosticsManager]  [bootstrap] /usr/local/openjdk-8/lib/charsets.jar
2021-01-17 18:42:07.182+0000 INFO [o.n.i.d.DiagnosticsManager]  [classpath + loader.0] file:/var/lib/neo4j/lib/neo4j-procedure-api-3.5.26.jar
2021-01-17 18:42:07.182+0000 INFO [o.n.i.d.DiagnosticsManager]  [classpath + loader.0] file:/var/lib/neo4j/lib/neo4j-spatial-index-3.5.26.jar
2021-01-17 18:42:07.182+0000 INFO [o.n.i.d.DiagnosticsManager]  [classpath + loader.0] file:/var/lib/neo4j/lib/jersey-servlet-1.19.3.jar
2021-01-17 18:42:07.182+0000 INFO [o.n.i.d.DiagnosticsManager]  [classpath + loader.0] file:/var/lib/neo4j/lib/netty-all-4.1.48.Final.jar
2021-01-17 18:42:07.182+0000 INFO [o.n.i.d.DiagnosticsManager]  [classpath + loader.0] file:/var/lib/neo4j/lib/txw2-2.3.2.jar
2021-01-17 18:42:07.182+0000 INFO [o.n.i.d.DiagnosticsManager]  [bootstrap] /usr/local/openjdk-8/lib/resources.jar
2021-01-17 18:42:07.182+0000 INFO [o.n.i.d.DiagnosticsManager]  [classpath + loader.0] file:/var/lib/neo4j/lib/scala-library-2.11.12.jar
2021-01-17 18:42:07.182+0000 INFO [o.n.i.d.DiagnosticsManager]  [classpath + loader.0] file:/var/lib/neo4j/lib/jetty-http-9.4.35.v20201120.jar
2021-01-17 18:42:07.182+0000 INFO [o.n.i.d.DiagnosticsManager]  [bootstrap] /usr/local/openjdk-8/lib/jsse.jar
2021-01-17 18:42:07.182+0000 INFO [o.n.i.d.DiagnosticsManager]  [classpath + loader.0] file:/var/lib/neo4j/lib/neo4j-logging-3.5.26.jar
2021-01-17 18:42:07.183+0000 INFO [o.n.i.d.DiagnosticsManager]  [loader.1] file:/usr/local/openjdk-8/lib/ext/localedata.jar
2021-01-17 18:42:07.183+0000 INFO [o.n.i.d.DiagnosticsManager]  [classpath + loader.0] file:/var/lib/neo4j/lib/jackson-jaxrs-json-provider-2.10.2.jar
2021-01-17 18:42:07.183+0000 INFO [o.n.i.d.DiagnosticsManager]  [classpath + loader.0] file:/var/lib/neo4j/lib/jetty-util-9.4.35.v20201120.jar
2021-01-17 18:42:07.183+0000 INFO [o.n.i.d.DiagnosticsManager]  [classpath + loader.0] file:/var/lib/neo4j/lib/neo4j-cypher-ir-3.5-3.5.26.jar
2021-01-17 18:42:07.183+0000 INFO [o.n.i.d.DiagnosticsManager]  [classpath + loader.0] file:/var/lib/neo4j/lib/neo4j-cypher-planner-3.5-3.5.26.jar
2021-01-17 18:42:07.183+0000 INFO [o.n.i.d.DiagnosticsManager]  [classpath + loader.0] file:/var/lib/neo4j/lib/jetty-xml-9.4.35.v20201120.jar
2021-01-17 18:42:07.183+0000 INFO [o.n.i.d.DiagnosticsManager]  [classpath + loader.0] file:/var/lib/neo4j/lib/javax.servlet-api-3.1.0.jar
2021-01-17 18:42:07.183+0000 INFO [o.n.i.d.DiagnosticsManager]  [bootstrap] /usr/local/openjdk-8/lib/sunrsasign.jar
2021-01-17 18:42:07.183+0000 INFO [o.n.i.d.DiagnosticsManager]  [classpath + loader.0] file:/var/lib/neo4j/lib/jProcesses-1.6.4.jar
2021-01-17 18:42:07.183+0000 INFO [o.n.i.d.DiagnosticsManager]  [classpath + loader.0] file:/var/lib/neo4j/lib/neo4j-cypher-compiler-2.3-2.3.12.jar
2021-01-17 18:42:07.183+0000 INFO [o.n.i.d.DiagnosticsManager]  [classpath + loader.0] file:/var/lib/neo4j/lib/neo4j-front-end-3.5-3.5.26.jar
2021-01-17 18:42:07.183+0000 INFO [o.n.i.d.DiagnosticsManager]  [classpath + loader.0] file:/var/lib/neo4j/lib/istack-commons-runtime-3.0.8.jar
2021-01-17 18:42:07.183+0000 INFO [o.n.i.d.DiagnosticsManager]  [classpath + loader.0] file:/var/lib/neo4j/lib/jetty-io-9.4.35.v20201120.jar
2021-01-17 18:42:07.183+0000 INFO [o.n.i.d.DiagnosticsManager]  [loader.1] file:/usr/local/openjdk-8/lib/ext/sunpkcs11.jar
2021-01-17 18:42:07.183+0000 INFO [o.n.i.d.DiagnosticsManager]  [classpath + loader.0] file:/var/lib/neo4j/lib/scala-reflect-2.11.12.jar
2021-01-17 18:42:07.184+0000 INFO [o.n.i.d.DiagnosticsManager]  [classpath + loader.0] file:/var/lib/neo4j/lib/neo4j-resource-3.5.26.jar
2021-01-17 18:42:07.184+0000 INFO [o.n.i.d.DiagnosticsManager]  [classpath + loader.0] file:/var/lib/neo4j/lib/commons-lang-2.6.jar
2021-01-17 18:42:07.184+0000 INFO [o.n.i.d.DiagnosticsManager]  [classpath + loader.0] file:/var/lib/neo4j/lib/lucene-core-5.5.5.jar
2021-01-17 18:42:07.184+0000 INFO [o.n.i.d.DiagnosticsManager]  [classpath + loader.0] file:/var/lib/neo4j/lib/neo4j-cypher-expression-evaluator-3.5.26.jar
2021-01-17 18:42:07.184+0000 INFO [o.n.i.d.DiagnosticsManager]  [classpath + loader.0] file:/var/lib/neo4j/lib/lucene-codecs-5.5.5.jar
2021-01-17 18:42:07.184+0000 INFO [o.n.i.d.DiagnosticsManager]  [classpath + loader.0] file:/var/lib/neo4j/lib/neo4j-dbms-3.5.26.jar
2021-01-17 18:42:07.184+0000 INFO [o.n.i.d.DiagnosticsManager]  [bootstrap] /usr/local/openjdk-8/lib/rt.jar
2021-01-17 18:42:07.184+0000 INFO [o.n.i.d.DiagnosticsManager]  [classpath + loader.0] file:/var/lib/neo4j/lib/activation-1.1.1.jar
2021-01-17 18:42:07.184+0000 INFO [o.n.i.d.DiagnosticsManager]  [classpath + loader.0] file:/var/lib/neo4j/lib/neo4j-cypher-runtime-util-3.5.26.jar
2021-01-17 18:42:07.185+0000 INFO [o.n.i.d.DiagnosticsManager]  [classpath + loader.0] file:/var/lib/neo4j/lib/stax-ex-1.8.1.jar
2021-01-17 18:42:07.185+0000 INFO [o.n.i.d.DiagnosticsManager]  [classpath + loader.0] file:/var/lib/neo4j/lib/jetty-webapp-9.4.35.v20201120.jar
2021-01-17 18:42:07.185+0000 INFO [o.n.i.d.DiagnosticsManager]  [classpath + loader.0] file:/var/lib/neo4j/lib/neo4j-cypher-compiler-3.1-3.1.9.jar
2021-01-17 18:42:07.185+0000 INFO [o.n.i.d.DiagnosticsManager]  [classpath + loader.0] file:/var/lib/neo4j/lib/eclipse-collections-9.2.0.jar
2021-01-17 18:42:07.185+0000 INFO [o.n.i.d.DiagnosticsManager]  [classpath + loader.0] file:/var/lib/neo4j/lib/neo4j-command-line-3.5.26.jar
2021-01-17 18:42:07.185+0000 INFO [o.n.i.d.DiagnosticsManager]  [classpath + loader.0] file:/var/lib/neo4j/lib/neo4j-udc-3.5.26.jar
2021-01-17 18:42:07.185+0000 INFO [o.n.i.d.DiagnosticsManager]  [classpath + loader.0] file:/var/lib/neo4j/lib/neo4j-bolt-3.5.26.jar
2021-01-17 18:42:07.185+0000 INFO [o.n.i.d.DiagnosticsManager]  [classpath + loader.0] file:/var/lib/neo4j/lib/commons-compress-1.19.jar
2021-01-17 18:42:07.185+0000 INFO [o.n.i.d.DiagnosticsManager]  [classpath + loader.0] file:/var/lib/neo4j/lib/neo4j-cypher-interpreted-runtime-3.5.26.jar
2021-01-17 18:42:07.185+0000 INFO [o.n.i.d.DiagnosticsManager]  [classpath + loader.0] file:/var/lib/neo4j/lib/neo4j-util-3.5-3.5.26.jar
2021-01-17 18:42:07.185+0000 INFO [o.n.i.d.DiagnosticsManager]  [classpath + loader.0] file:/var/lib/neo4j/lib/bcprov-jdk15on-1.64.jar
2021-01-17 18:42:07.185+0000 INFO [o.n.i.d.DiagnosticsManager]  [classpath + loader.0] file:/var/lib/neo4j/lib/commons-lang3-3.8.jar
2021-01-17 18:42:07.185+0000 INFO [o.n.i.d.DiagnosticsManager]  [classpath + loader.0] file:/var/lib/neo4j/lib/jackson-module-jaxb-annotations-2.10.2.jar
2021-01-17 18:42:07.185+0000 INFO [o.n.i.d.DiagnosticsManager]  [classpath + loader.0] file:/var/lib/neo4j/conf/
2021-01-17 18:42:07.185+0000 INFO [o.n.i.d.DiagnosticsManager]  [classpath + loader.0] file:/var/lib/neo4j/lib/neo4j-3.5.26.jar
2021-01-17 18:42:07.185+0000 INFO [o.n.i.d.DiagnosticsManager]  [classpath + loader.0] file:/var/lib/neo4j/lib/jaxb-runtime-2.3.2.jar
2021-01-17 18:42:07.186+0000 INFO [o.n.i.d.DiagnosticsManager]  [classpath + loader.0] file:/var/lib/neo4j/lib/jetty-server-9.4.35.v20201120.jar
2021-01-17 18:42:07.186+0000 INFO [o.n.i.d.DiagnosticsManager]  [classpath + loader.0] file:/var/lib/neo4j/lib/jaxb-api-2.3.0.jar
2021-01-17 18:42:07.186+0000 INFO [o.n.i.d.DiagnosticsManager]  [classpath + loader.0] file:/var/lib/neo4j/lib/neo4j-lucene-upgrade-3.5.26.jar
2021-01-17 18:42:07.186+0000 INFO [o.n.i.d.DiagnosticsManager]  [classpath + loader.0] file:/var/lib/neo4j/lib/neo4j-cypher-planner-spi-3.5-3.5.26.jar
2021-01-17 18:42:07.186+0000 INFO [o.n.i.d.DiagnosticsManager]  [classpath + loader.0] file:/var/lib/neo4j/lib/neo4j-jmx-3.5.26.jar
2021-01-17 18:42:07.186+0000 INFO [o.n.i.d.DiagnosticsManager]  [classpath + loader.0] file:/var/lib/neo4j/lib/neo4j-cypher-planner-3.4-3.4.18.jar
2021-01-17 18:42:07.186+0000 INFO [o.n.i.d.DiagnosticsManager]  [classpath + loader.0] file:/var/lib/neo4j/lib/opencsv-2.3.jar
2021-01-17 18:42:07.186+0000 INFO [o.n.i.d.DiagnosticsManager]  [classpath + loader.0] file:/var/lib/neo4j/lib/jetty-security-9.4.35.v20201120.jar
2021-01-17 18:42:07.186+0000 INFO [o.n.i.d.DiagnosticsManager]  [classpath + loader.0] file:/var/lib/neo4j/lib/zstd-proxy-3.5.26.jar
2021-01-17 18:42:07.186+0000 INFO [o.n.i.d.DiagnosticsManager]  [classpath + loader.0] file:/var/lib/neo4j/lib/parboiled-scala_2.11-1.1.7.jar
2021-01-17 18:42:07.187+0000 INFO [o.n.i.d.DiagnosticsManager]  [classpath + loader.0] file:/var/lib/neo4j/lib/neo4j-security-3.5.26.jar
2021-01-17 18:42:07.191+0000 INFO [o.n.i.d.DiagnosticsManager]  [classpath + loader.0] file:/var/lib/neo4j/lib/neo4j-cypher-planner-spi-3.4-3.4.18.jar
2021-01-17 18:42:07.191+0000 INFO [o.n.i.d.DiagnosticsManager]  [classpath + loader.0] file:/var/lib/neo4j/lib/neo4j-csv-3.5.26.jar
2021-01-17 18:42:07.191+0000 INFO [o.n.i.d.DiagnosticsManager]  [bootstrap] /usr/local/openjdk-8/classes
2021-01-17 18:42:07.191+0000 INFO [o.n.i.d.DiagnosticsManager]  [classpath + loader.0] file:/var/lib/neo4j/lib/server-api-3.5.26.jar
2021-01-17 18:42:07.191+0000 INFO [o.n.i.d.DiagnosticsManager]  [classpath + loader.0] file:/var/lib/neo4j/lib/neo4j-ast-3.5-3.5.26.jar
2021-01-17 18:42:07.191+0000 INFO [o.n.i.d.DiagnosticsManager]  [classpath + loader.0] file:/var/lib/neo4j/lib/neo4j-index-3.5.26.jar
2021-01-17 18:42:07.191+0000 INFO [o.n.i.d.DiagnosticsManager]  [classpath + loader.0] file:/var/lib/neo4j/lib/eclipse-collections-api-9.2.0.jar
2021-01-17 18:42:07.191+0000 INFO [o.n.i.d.DiagnosticsManager]  [classpath + loader.0] file:/var/lib/neo4j/lib/neo4j-cypher-3.5.26.jar
2021-01-17 18:42:07.191+0000 INFO [o.n.i.d.DiagnosticsManager]  [classpath + loader.0] file:/var/lib/neo4j/lib/FastInfoset-1.2.16.jar
2021-01-17 18:42:07.191+0000 INFO [o.n.i.d.DiagnosticsManager]  [bootstrap] /usr/local/openjdk-8/lib/jfr.jar
2021-01-17 18:42:07.191+0000 INFO [o.n.i.d.DiagnosticsManager]  [classpath + loader.0] file:/var/lib/neo4j/lib/caffeine-2.6.2.jar
2021-01-17 18:42:07.191+0000 INFO [o.n.i.d.DiagnosticsManager]  [classpath + loader.0] file:/var/lib/neo4j/lib/neo4j-browser-4.2.0.jar
2021-01-17 18:42:07.191+0000 INFO [o.n.i.d.DiagnosticsManager]  [classpath + loader.0] file:/var/lib/neo4j/lib/lucene-queryparser-5.5.5.jar
2021-01-17 18:42:07.191+0000 INFO [o.n.i.d.DiagnosticsManager]  [loader.1] file:/usr/local/openjdk-8/lib/ext/nashorn.jar
2021-01-17 18:42:07.192+0000 INFO [o.n.i.d.DiagnosticsManager]  [classpath + loader.0] file:/var/lib/neo4j/lib/neo4j-kernel-3.5.26.jar
2021-01-17 18:42:07.192+0000 INFO [o.n.i.d.DiagnosticsManager]  [classpath + loader.0] file:/var/lib/neo4j/lib/neo4j-codegen-3.5.26.jar
2021-01-17 18:42:07.192+0000 INFO [o.n.i.d.DiagnosticsManager]  [classpath + loader.0] file:/var/lib/neo4j/lib/neo4j-cypher-logical-plans-3.5-3.5.26.jar
2021-01-17 18:42:07.192+0000 INFO [o.n.i.d.DiagnosticsManager]  [bootstrap] /usr/local/openjdk-8/lib/jce.jar
2021-01-17 18:42:07.192+0000 INFO [o.n.i.d.DiagnosticsManager]  [classpath + loader.0] file:/var/lib/neo4j/lib/neo4j-cypher-frontend-3.1-3.1.9.jar
2021-01-17 18:42:07.192+0000 INFO [o.n.i.d.DiagnosticsManager]  [classpath + loader.0] file:/var/lib/neo4j/lib/WMI4Java-1.6.1.jar
2021-01-17 18:42:07.192+0000 INFO [o.n.i.d.DiagnosticsManager]  [classpath + loader.0] file:/var/lib/neo4j/lib/neo4j-graph-algo-3.5.26.jar
2021-01-17 18:42:07.192+0000 INFO [o.n.i.d.DiagnosticsManager]  [classpath + loader.0] file:/var/lib/neo4j/lib/jsr311-api-1.1.2.r612.jar
2021-01-17 18:42:07.192+0000 INFO [o.n.i.d.DiagnosticsManager]  [classpath + loader.0] file:/var/lib/neo4j/lib/neo4j-parser-3.5-3.5.26.jar
2021-01-17 18:42:07.192+0000 INFO [o.n.i.d.DiagnosticsManager]  [classpath + loader.0] file:/var/lib/neo4j/lib/neo4j-cypher-frontend-2.3-2.3.12.jar
2021-01-17 18:42:07.192+0000 INFO [o.n.i.d.DiagnosticsManager]  [classpath + loader.0] file:/var/lib/neo4j/lib/neo4j-graphdb-api-3.5.26.jar
2021-01-17 18:42:07.192+0000 INFO [o.n.i.d.DiagnosticsManager]  [classpath + loader.0] file:/var/lib/neo4j/lib/neo4j-unsafe-3.5.26.jar
2021-01-17 18:42:07.192+0000 INFO [o.n.i.d.DiagnosticsManager]  [classpath + loader.0] file:/plugins/
2021-01-17 18:42:07.192+0000 INFO [o.n.i.d.DiagnosticsManager]  [classpath + loader.0] file:/var/lib/neo4j/lib/lucene-analyzers-common-5.5.5.jar
2021-01-17 18:42:07.192+0000 INFO [o.n.i.d.DiagnosticsManager]  [classpath + loader.0] file:/var/lib/neo4j/lib/neo4j-values-3.5.26.jar
2021-01-17 18:42:07.192+0000 INFO [o.n.i.d.DiagnosticsManager]  [classpath + loader.0] file:/var/lib/neo4j/lib/neo4j-cypher-util-3.4-3.4.18.jar
2021-01-17 18:42:07.193+0000 INFO [o.n.i.d.DiagnosticsManager]  [classpath + loader.0] file:/var/lib/neo4j/lib/zstd-jni-1.3.8-6.jar
2021-01-17 18:42:07.193+0000 INFO [o.n.i.d.DiagnosticsManager]  [classpath + loader.0] file:/var/lib/neo4j/lib/neo4j-legacy-3.5.26.jar
2021-01-17 18:42:07.193+0000 INFO [o.n.i.d.DiagnosticsManager]  [classpath + loader.0] file:/var/lib/neo4j/lib/neo4j-concurrent-3.5.26.jar
2021-01-17 18:42:07.193+0000 INFO [o.n.i.d.DiagnosticsManager]  [classpath + loader.0] file:/var/lib/neo4j/lib/neo4j-fulltext-index-3.5.26.jar
2021-01-17 18:42:07.193+0000 INFO [o.n.i.d.DiagnosticsManager]  [classpath + loader.0] file:/var/lib/neo4j/lib/jakarta.xml.bind-api-2.3.2.jar
2021-01-17 18:42:07.193+0000 INFO [o.n.i.d.DiagnosticsManager]  [classpath + loader.0] file:/var/lib/neo4j/lib/jetty-servlet-9.4.35.v20201120.jar
2021-01-17 18:42:07.193+0000 INFO [o.n.i.d.DiagnosticsManager]  [classpath + loader.0] file:/var/lib/neo4j/lib/commons-logging-1.1.1.jar
2021-01-17 18:42:07.193+0000 INFO [o.n.i.d.DiagnosticsManager]  [classpath + loader.0] file:/var/lib/neo4j/lib/commons-text-1.4.jar
2021-01-17 18:42:07.193+0000 INFO [o.n.i.d.DiagnosticsManager]  [loader.1] file:/usr/local/openjdk-8/lib/ext/jaccess.jar
2021-01-17 18:42:07.193+0000 INFO [o.n.i.d.DiagnosticsManager]  [classpath + loader.0] file:/var/lib/neo4j/lib/neo4j-graph-matching-3.1.9.jar
2021-01-17 18:42:07.193+0000 INFO [o.n.i.d.DiagnosticsManager]  [classpath + loader.0] file:/var/lib/neo4j/lib/parboiled-core-1.1.7.jar
2021-01-17 18:42:07.193+0000 INFO [o.n.i.d.DiagnosticsManager]  [classpath + loader.0] file:/var/lib/neo4j/lib/jackson-annotations-2.10.2.jar
2021-01-17 18:42:07.193+0000 INFO [o.n.i.d.DiagnosticsManager]  [classpath + loader.0] file:/var/lib/neo4j/lib/neo4j-diagnostics-3.5.26.jar
2021-01-17 18:42:07.193+0000 INFO [o.n.i.d.DiagnosticsManager] Library path:
2021-01-17 18:42:07.194+0000 INFO [o.n.i.d.DiagnosticsManager] /usr/java/packages/lib/amd64
2021-01-17 18:42:07.194+0000 INFO [o.n.i.d.DiagnosticsManager] /usr/lib64
2021-01-17 18:42:07.194+0000 INFO [o.n.i.d.DiagnosticsManager] /lib64
2021-01-17 18:42:07.194+0000 INFO [o.n.i.d.DiagnosticsManager] /lib
2021-01-17 18:42:07.194+0000 INFO [o.n.i.d.DiagnosticsManager] /usr/lib
2021-01-17 18:42:07.194+0000 INFO [o.n.i.d.DiagnosticsManager] System.properties:
2021-01-17 18:42:07.194+0000 INFO [o.n.i.d.DiagnosticsManager] sun.boot.library.path = /usr/local/openjdk-8/lib/amd64
2021-01-17 18:42:07.194+0000 INFO [o.n.i.d.DiagnosticsManager] jdk.tls.rejectClientInitiatedRenegotiation = true
2021-01-17 18:42:07.194+0000 INFO [o.n.i.d.DiagnosticsManager] path.separator = :
2021-01-17 18:42:07.194+0000 INFO [o.n.i.d.DiagnosticsManager] file.encoding.pkg = sun.io
2021-01-17 18:42:07.194+0000 INFO [o.n.i.d.DiagnosticsManager] sun.java.launcher = SUN_STANDARD
2021-01-17 18:42:07.195+0000 INFO [o.n.i.d.DiagnosticsManager] sun.os.patch.level = unknown
2021-01-17 18:42:07.195+0000 INFO [o.n.i.d.DiagnosticsManager] user.dir = /var/lib/neo4j
2021-01-17 18:42:07.195+0000 INFO [o.n.i.d.DiagnosticsManager] sun.jnu.encoding = UTF-8
2021-01-17 18:42:07.195+0000 INFO [o.n.i.d.DiagnosticsManager] unsupported.dbms.udc.source = docker
2021-01-17 18:42:07.195+0000 INFO [o.n.i.d.DiagnosticsManager] sun.management.compiler = HotSpot 64-Bit Tiered Compilers
2021-01-17 18:42:07.195+0000 INFO [o.n.i.d.DiagnosticsManager] user.home = /var/lib/neo4j
2021-01-17 18:42:07.195+0000 INFO [o.n.i.d.DiagnosticsManager] user.timezone = Etc/UTC
2021-01-17 18:42:07.195+0000 INFO [o.n.i.d.DiagnosticsManager] file.encoding = UTF-8
2021-01-17 18:42:07.195+0000 INFO [o.n.i.d.DiagnosticsManager] user.name = neo4j
2021-01-17 18:42:07.195+0000 INFO [o.n.i.d.DiagnosticsManager] sun.java.command = org.neo4j.server.CommunityEntryPoint --home-dir=/var/lib/neo4j --config-dir=/var/lib/neo4j/conf
2021-01-17 18:42:07.195+0000 INFO [o.n.i.d.DiagnosticsManager] sun.arch.data.model = 64
2021-01-17 18:42:07.195+0000 INFO [o.n.i.d.DiagnosticsManager] user.language = en
2021-01-17 18:42:07.195+0000 INFO [o.n.i.d.DiagnosticsManager] awt.toolkit = sun.awt.X11.XToolkit
2021-01-17 18:42:07.195+0000 INFO [o.n.i.d.DiagnosticsManager] jdk.tls.ephemeralDHKeySize = 2048
2021-01-17 18:42:07.195+0000 INFO [o.n.i.d.DiagnosticsManager] file.separator = /
2021-01-17 18:42:07.195+0000 INFO [o.n.i.d.DiagnosticsManager] sun.io.unicode.encoding = UnicodeLittle
2021-01-17 18:42:07.195+0000 INFO [o.n.i.d.DiagnosticsManager] sun.cpu.endian = little
2021-01-17 18:42:07.196+0000 INFO [o.n.i.d.DiagnosticsManager] sun.cpu.isalist = 
2021-01-17 18:42:07.196+0000 INFO [o.n.i.d.DiagnosticsManager] (IANA) TimeZone Database Version:
2021-01-17 18:42:07.239+0000 INFO [o.n.i.d.DiagnosticsManager]   TimeZone version: 2020a (available for 601 zone identifiers)
2021-01-17 18:42:07.239+0000 INFO [o.n.i.d.DiagnosticsManager] Linux scheduler information:
2021-01-17 18:42:07.242+0000 INFO [o.n.i.d.DiagnosticsManager] [none] 
2021-01-17 18:42:07.242+0000 INFO [o.n.i.d.DiagnosticsManager] none
2021-01-17 18:42:07.243+0000 INFO [o.n.i.d.DiagnosticsManager] none
2021-01-17 18:42:07.243+0000 INFO [o.n.i.d.DiagnosticsManager] [noop] 
2021-01-17 18:42:07.244+0000 INFO [o.n.i.d.DiagnosticsManager] none
2021-01-17 18:42:07.244+0000 INFO [o.n.i.d.DiagnosticsManager] [none] 
2021-01-17 18:42:07.244+0000 INFO [o.n.i.d.DiagnosticsManager] none
2021-01-17 18:42:07.245+0000 INFO [o.n.i.d.DiagnosticsManager] none
2021-01-17 18:42:07.245+0000 INFO [o.n.i.d.DiagnosticsManager] [none] 
2021-01-17 18:42:07.245+0000 INFO [o.n.i.d.DiagnosticsManager] none
2021-01-17 18:42:07.246+0000 INFO [o.n.i.d.DiagnosticsManager] none
2021-01-17 18:42:07.246+0000 INFO [o.n.i.d.DiagnosticsManager] [none] 
2021-01-17 18:42:07.246+0000 INFO [o.n.i.d.DiagnosticsManager] none
2021-01-17 18:42:07.247+0000 INFO [o.n.i.d.DiagnosticsManager] none
2021-01-17 18:42:07.247+0000 INFO [o.n.i.d.DiagnosticsManager] [none] 
2021-01-17 18:42:07.247+0000 INFO [o.n.i.d.DiagnosticsManager] none
2021-01-17 18:42:07.247+0000 INFO [o.n.i.d.DiagnosticsManager] [noop] 
2021-01-17 18:42:07.248+0000 INFO [o.n.i.d.DiagnosticsManager] [none] 
2021-01-17 18:42:07.248+0000 INFO [o.n.i.d.DiagnosticsManager] none
2021-01-17 18:42:07.248+0000 INFO [o.n.i.d.DiagnosticsManager] [noop] 
2021-01-17 18:42:07.249+0000 INFO [o.n.i.d.DiagnosticsManager] none
2021-01-17 18:42:07.249+0000 INFO [o.n.i.d.DiagnosticsManager] [none] 
2021-01-17 18:42:07.249+0000 INFO [o.n.i.d.DiagnosticsManager] none
2021-01-17 18:42:07.249+0000 INFO [o.n.i.d.DiagnosticsManager] none
2021-01-17 18:42:07.250+0000 INFO [o.n.i.d.DiagnosticsManager] [none] 
2021-01-17 18:42:07.250+0000 INFO [o.n.i.d.DiagnosticsManager] none
2021-01-17 18:42:07.250+0000 INFO [o.n.i.d.DiagnosticsManager] none
2021-01-17 18:42:07.250+0000 INFO [o.n.i.d.DiagnosticsManager] Network information:
2021-01-17 18:42:07.252+0000 INFO [o.n.i.d.DiagnosticsManager] Interface eth0:
2021-01-17 18:42:07.252+0000 INFO [o.n.i.d.DiagnosticsManager]     address: 172.18.0.3
2021-01-17 18:42:07.252+0000 INFO [o.n.i.d.DiagnosticsManager] Interface lo:
2021-01-17 18:42:07.252+0000 INFO [o.n.i.d.DiagnosticsManager]     address: 127.0.0.1
2021-01-17 18:42:07.252+0000 INFO [o.n.i.d.DiagnosticsManager] --- INITIALIZED diagnostics END ---
2021-01-17 18:42:07.634+0000 INFO [o.n.k.i.s.f.RecordFormatSelector] Selected format 'RecordFormat:StandardV3_4[v0.A.9]' for the new store
2021-01-17 18:42:09.689+0000 INFO [o.n.k.i.i.l.NativeLabelScanStore] No label index found, this might just be first use. Preparing to rebuild.
2021-01-17 18:42:09.773+0000 INFO [o.n.k.NeoStoreDataSource] Rotated to transaction log [/var/lib/neo4j/data/databases/graph.db/neostore.transaction.db.0] version=0, last transaction in previous log=1
2021-01-17 18:42:09.777+0000 INFO [o.n.k.NeoStoreDataSource] No commits found after last check point (which is at <no log position given>)
2021-01-17 18:42:09.797+0000 WARN [o.n.k.i.s.MetaDataStore] Missing counts store, rebuilding it.
2021-01-17 18:42:09.812+0000 WARN [o.n.k.i.s.MetaDataStore] Counts store rebuild completed.
2021-01-17 18:42:09.867+0000 INFO [o.n.k.i.i.l.NativeLabelScanStore] Rebuilding label index, this may take a while
2021-01-17 18:42:09.901+0000 INFO [o.n.k.i.i.l.NativeLabelScanStore] Label index rebuilt (roughly 0 nodes)
2021-01-17 18:42:09.914+0000 INFO [o.n.i.d.DiagnosticsManager] --- STARTED diagnostics for KernelDiagnostics:Versions START ---
2021-01-17 18:42:09.915+0000 INFO [o.n.i.d.DiagnosticsManager] Graph Database: community single StoreId{creationTime=1610908928767, randomId=4131938161695995678, storeVersion=16094931155187206, upgradeTime=1610908928767, upgradeId=1}
2021-01-17 18:42:09.917+0000 INFO [o.n.i.d.DiagnosticsManager] Kernel version: 3.5.26,801ebf731fd102143a9884334d5b1ca88f1a3ac7
2021-01-17 18:42:09.918+0000 INFO [o.n.i.d.DiagnosticsManager] --- STARTED diagnostics for KernelDiagnostics:Versions END ---
2021-01-17 18:42:09.924+0000 INFO [o.n.i.d.DiagnosticsManager] --- STARTED diagnostics for NEO_STORE_VERSIONS START ---
2021-01-17 18:42:09.926+0000 INFO [o.n.i.d.DiagnosticsManager] Store versions:
2021-01-17 18:42:09.928+0000 INFO [o.n.i.d.DiagnosticsManager]   ArrayPropertyStore[neostore.nodestore.db.labels] v0.A.9
2021-01-17 18:42:09.930+0000 INFO [o.n.i.d.DiagnosticsManager]   NodeStore[neostore.nodestore.db] v0.A.9
2021-01-17 18:42:09.931+0000 INFO [o.n.i.d.DiagnosticsManager]   StringPropertyStore[neostore.propertystore.db.index.keys] v0.A.9
2021-01-17 18:42:09.933+0000 INFO [o.n.i.d.DiagnosticsManager]   PropertyIndexStore[neostore.propertystore.db.index] v0.A.9
2021-01-17 18:42:09.935+0000 INFO [o.n.i.d.DiagnosticsManager]   StringPropertyStore[neostore.propertystore.db.strings] v0.A.9
2021-01-17 18:42:09.936+0000 INFO [o.n.i.d.DiagnosticsManager]   ArrayPropertyStore[neostore.propertystore.db.arrays] v0.A.9
2021-01-17 18:42:09.938+0000 INFO [o.n.i.d.DiagnosticsManager]   PropertyStore[neostore.propertystore.db] v0.A.9
2021-01-17 18:42:09.939+0000 INFO [o.n.i.d.DiagnosticsManager]   RelationshipStore[neostore.relationshipstore.db] v0.A.9
2021-01-17 18:42:09.941+0000 INFO [o.n.i.d.DiagnosticsManager]   StringPropertyStore[neostore.relationshiptypestore.db.names] v0.A.9
2021-01-17 18:42:09.942+0000 INFO [o.n.i.d.DiagnosticsManager]   RelationshipTypeStore[neostore.relationshiptypestore.db] v0.A.9
2021-01-17 18:42:09.943+0000 INFO [o.n.i.d.DiagnosticsManager]   StringPropertyStore[neostore.labeltokenstore.db.names] v0.A.9
2021-01-17 18:42:09.944+0000 INFO [o.n.i.d.DiagnosticsManager]   LabelTokenStore[neostore.labeltokenstore.db] v0.A.9
2021-01-17 18:42:09.946+0000 INFO [o.n.i.d.DiagnosticsManager]   SchemaStore[neostore.schemastore.db] v0.A.9
2021-01-17 18:42:09.947+0000 INFO [o.n.i.d.DiagnosticsManager]   RelationshipGroupStore[neostore.relationshipgroupstore.db] v0.A.9
2021-01-17 18:42:09.948+0000 INFO [o.n.i.d.DiagnosticsManager]   NeoStore[neostore] v0.A.9
2021-01-17 18:42:09.950+0000 INFO [o.n.i.d.DiagnosticsManager] --- STARTED diagnostics for NEO_STORE_VERSIONS END ---
2021-01-17 18:42:09.951+0000 INFO [o.n.i.d.DiagnosticsManager] --- STARTED diagnostics for NEO_STORE_ID_USAGE START ---
2021-01-17 18:42:09.952+0000 INFO [o.n.i.d.DiagnosticsManager] Id usage:
2021-01-17 18:42:09.953+0000 INFO [o.n.i.d.DiagnosticsManager]   ArrayPropertyStore[neostore.nodestore.db.labels]: used=1 high=0
2021-01-17 18:42:09.955+0000 INFO [o.n.i.d.DiagnosticsManager]   NodeStore[neostore.nodestore.db]: used=0 high=-1
2021-01-17 18:42:09.956+0000 INFO [o.n.i.d.DiagnosticsManager]   StringPropertyStore[neostore.propertystore.db.index.keys]: used=1 high=0
2021-01-17 18:42:09.957+0000 INFO [o.n.i.d.DiagnosticsManager]   PropertyIndexStore[neostore.propertystore.db.index]: used=0 high=-1
2021-01-17 18:42:09.958+0000 INFO [o.n.i.d.DiagnosticsManager]   StringPropertyStore[neostore.propertystore.db.strings]: used=1 high=0
2021-01-17 18:42:09.959+0000 INFO [o.n.i.d.DiagnosticsManager]   ArrayPropertyStore[neostore.propertystore.db.arrays]: used=1 high=0
2021-01-17 18:42:09.960+0000 INFO [o.n.i.d.DiagnosticsManager]   PropertyStore[neostore.propertystore.db]: used=0 high=-1
2021-01-17 18:42:09.961+0000 INFO [o.n.i.d.DiagnosticsManager]   RelationshipStore[neostore.relationshipstore.db]: used=0 high=-1
2021-01-17 18:42:09.962+0000 INFO [o.n.i.d.DiagnosticsManager]   StringPropertyStore[neostore.relationshiptypestore.db.names]: used=1 high=0
2021-01-17 18:42:09.962+0000 INFO [o.n.i.d.DiagnosticsManager]   RelationshipTypeStore[neostore.relationshiptypestore.db]: used=0 high=-1
2021-01-17 18:42:09.963+0000 INFO [o.n.i.d.DiagnosticsManager]   StringPropertyStore[neostore.labeltokenstore.db.names]: used=1 high=0
2021-01-17 18:42:09.964+0000 INFO [o.n.i.d.DiagnosticsManager]   LabelTokenStore[neostore.labeltokenstore.db]: used=0 high=-1
2021-01-17 18:42:09.965+0000 INFO [o.n.i.d.DiagnosticsManager]   SchemaStore[neostore.schemastore.db]: used=1 high=0
2021-01-17 18:42:09.966+0000 INFO [o.n.i.d.DiagnosticsManager]   RelationshipGroupStore[neostore.relationshipgroupstore.db]: used=1 high=0
2021-01-17 18:42:09.967+0000 INFO [o.n.i.d.DiagnosticsManager]   NeoStore[neostore]: used=15 high=14
2021-01-17 18:42:09.968+0000 INFO [o.n.i.d.DiagnosticsManager] --- STARTED diagnostics for NEO_STORE_ID_USAGE END ---
2021-01-17 18:42:09.969+0000 INFO [o.n.i.d.DiagnosticsManager] --- STARTED diagnostics for NEO_STORE_RECORDS START ---
2021-01-17 18:42:09.970+0000 INFO [o.n.i.d.DiagnosticsManager] Neostore records:
2021-01-17 18:42:09.972+0000 INFO [o.n.i.d.DiagnosticsManager] TIME (Creation time): 1610908928767
2021-01-17 18:42:09.972+0000 INFO [o.n.i.d.DiagnosticsManager] RANDOM_NUMBER (Random number for store id): 4131938161695995678
2021-01-17 18:42:09.973+0000 INFO [o.n.i.d.DiagnosticsManager] LOG_VERSION (Current log version): 0
2021-01-17 18:42:09.974+0000 INFO [o.n.i.d.DiagnosticsManager] LAST_TRANSACTION_ID (Last committed transaction): 1
2021-01-17 18:42:09.975+0000 INFO [o.n.i.d.DiagnosticsManager] STORE_VERSION (Store format version): 16094931155187206
2021-01-17 18:42:09.976+0000 INFO [o.n.i.d.DiagnosticsManager] FIRST_GRAPH_PROPERTY (First property record containing graph properties): -1
2021-01-17 18:42:09.977+0000 INFO [o.n.i.d.DiagnosticsManager] LAST_CONSTRAINT_TRANSACTION (Last committed transaction containing constraint changes): 0
2021-01-17 18:42:09.978+0000 INFO [o.n.i.d.DiagnosticsManager] UPGRADE_TRANSACTION_ID (Transaction id most recent upgrade was performed at): 1
2021-01-17 18:42:09.979+0000 INFO [o.n.i.d.DiagnosticsManager] UPGRADE_TIME (Time of last upgrade): 1610908928767
2021-01-17 18:42:09.980+0000 INFO [o.n.i.d.DiagnosticsManager] LAST_TRANSACTION_CHECKSUM (Checksum of last committed transaction): 0
2021-01-17 18:42:09.981+0000 INFO [o.n.i.d.DiagnosticsManager] UPGRADE_TRANSACTION_CHECKSUM (Checksum of transaction id the most recent upgrade was performed at): 0
2021-01-17 18:42:09.982+0000 INFO [o.n.i.d.DiagnosticsManager] LAST_CLOSED_TRANSACTION_LOG_VERSION (Log version where the last transaction commit entry has been written into): 0
2021-01-17 18:42:09.983+0000 INFO [o.n.i.d.DiagnosticsManager] LAST_CLOSED_TRANSACTION_LOG_BYTE_OFFSET (Byte offset in the log file where the last transaction commit entry has been written into): 16
2021-01-17 18:42:09.984+0000 INFO [o.n.i.d.DiagnosticsManager] LAST_TRANSACTION_COMMIT_TIMESTAMP (Commit time timestamp for last committed transaction): 0
2021-01-17 18:42:09.985+0000 INFO [o.n.i.d.DiagnosticsManager] UPGRADE_TRANSACTION_COMMIT_TIMESTAMP (Commit timestamp of transaction the most recent upgrade was performed at): 0
2021-01-17 18:42:09.986+0000 INFO [o.n.i.d.DiagnosticsManager] --- STARTED diagnostics for NEO_STORE_RECORDS END ---
2021-01-17 18:42:09.988+0000 INFO [o.n.i.d.DiagnosticsManager] --- STARTED diagnostics for TRANSACTION_RANGE START ---
2021-01-17 18:42:09.989+0000 INFO [o.n.i.d.DiagnosticsManager] Transaction log:
2021-01-17 18:42:09.992+0000 INFO [o.n.i.d.DiagnosticsManager] No transactions found in any log
2021-01-17 18:42:09.993+0000 INFO [o.n.i.d.DiagnosticsManager] --- STARTED diagnostics for TRANSACTION_RANGE END ---
2021-01-17 18:42:09.997+0000 INFO [o.n.i.d.DiagnosticsManager] --- STARTED diagnostics for KernelDiagnostics:StoreFiles START ---
2021-01-17 18:42:10.000+0000 INFO [o.n.i.d.DiagnosticsManager] Disk space on partition (Total / Free / Free %): 127389368320 / 21902819328 / 17
2021-01-17 18:42:10.001+0000 INFO [o.n.i.d.DiagnosticsManager] Storage files: (filename : modification date - size)
2021-01-17 18:42:10.011+0000 INFO [o.n.i.d.DiagnosticsManager]   index:
2021-01-17 18:42:10.018+0000 INFO [o.n.i.d.DiagnosticsManager]   - Total: 2021-01-17T18:42:09+0000 - 0.00 B
2021-01-17 18:42:10.021+0000 INFO [o.n.i.d.DiagnosticsManager]   neostore: 2021-01-17T18:42:08+0000 - 8.00 kB
2021-01-17 18:42:10.023+0000 INFO [o.n.i.d.DiagnosticsManager]   neostore.counts.db.a: 2021-01-17T18:42:10+0000 - 96.00 B
2021-01-17 18:42:10.025+0000 INFO [o.n.i.d.DiagnosticsManager]   neostore.id: 2021-01-17T18:42:09+0000 - 9.00 B
2021-01-17 18:42:10.028+0000 INFO [o.n.i.d.DiagnosticsManager]   neostore.labelscanstore.db: 2021-01-17T18:42:10+0000 - 40.00 kB
2021-01-17 18:42:10.030+0000 INFO [o.n.i.d.DiagnosticsManager]   neostore.labeltokenstore.db: 2021-01-17T18:42:08+0000 - 0.00 B
2021-01-17 18:42:10.033+0000 INFO [o.n.i.d.DiagnosticsManager]   neostore.labeltokenstore.db.id: 2021-01-17T18:42:08+0000 - 9.00 B
2021-01-17 18:42:10.035+0000 INFO [o.n.i.d.DiagnosticsManager]   neostore.labeltokenstore.db.names: 2021-01-17T18:42:08+0000 - 8.00 kB
2021-01-17 18:42:10.037+0000 INFO [o.n.i.d.DiagnosticsManager]   neostore.labeltokenstore.db.names.id: 2021-01-17T18:42:08+0000 - 9.00 B
2021-01-17 18:42:10.039+0000 INFO [o.n.i.d.DiagnosticsManager]   neostore.nodestore.db: 2021-01-17T18:42:08+0000 - 0.00 B
2021-01-17 18:42:10.041+0000 INFO [o.n.i.d.DiagnosticsManager]   neostore.nodestore.db.id: 2021-01-17T18:42:08+0000 - 9.00 B
2021-01-17 18:42:10.044+0000 INFO [o.n.i.d.DiagnosticsManager]   neostore.nodestore.db.labels: 2021-01-17T18:42:08+0000 - 8.00 kB
2021-01-17 18:42:10.046+0000 INFO [o.n.i.d.DiagnosticsManager]   neostore.nodestore.db.labels.id: 2021-01-17T18:42:08+0000 - 9.00 B
2021-01-17 18:42:10.048+0000 INFO [o.n.i.d.DiagnosticsManager]   neostore.propertystore.db: 2021-01-17T18:42:08+0000 - 0.00 B
2021-01-17 18:42:10.050+0000 INFO [o.n.i.d.DiagnosticsManager]   neostore.propertystore.db.arrays: 2021-01-17T18:42:08+0000 - 8.00 kB
2021-01-17 18:42:10.052+0000 INFO [o.n.i.d.DiagnosticsManager]   neostore.propertystore.db.arrays.id: 2021-01-17T18:42:08+0000 - 9.00 B
2021-01-17 18:42:10.054+0000 INFO [o.n.i.d.DiagnosticsManager]   neostore.propertystore.db.id: 2021-01-17T18:42:08+0000 - 9.00 B
2021-01-17 18:42:10.057+0000 INFO [o.n.i.d.DiagnosticsManager]   neostore.propertystore.db.index: 2021-01-17T18:42:08+0000 - 0.00 B
2021-01-17 18:42:10.059+0000 INFO [o.n.i.d.DiagnosticsManager]   neostore.propertystore.db.index.id: 2021-01-17T18:42:08+0000 - 9.00 B
2021-01-17 18:42:10.061+0000 INFO [o.n.i.d.DiagnosticsManager]   neostore.propertystore.db.index.keys: 2021-01-17T18:42:08+0000 - 8.00 kB
2021-01-17 18:42:10.064+0000 INFO [o.n.i.d.DiagnosticsManager]   neostore.propertystore.db.index.keys.id: 2021-01-17T18:42:08+0000 - 9.00 B
2021-01-17 18:42:10.066+0000 INFO [o.n.i.d.DiagnosticsManager]   neostore.propertystore.db.strings: 2021-01-17T18:42:08+0000 - 8.00 kB
2021-01-17 18:42:10.068+0000 INFO [o.n.i.d.DiagnosticsManager]   neostore.propertystore.db.strings.id: 2021-01-17T18:42:08+0000 - 9.00 B
2021-01-17 18:42:10.070+0000 INFO [o.n.i.d.DiagnosticsManager]   neostore.relationshipgroupstore.db: 2021-01-17T18:42:08+0000 - 8.00 kB
2021-01-17 18:42:10.072+0000 INFO [o.n.i.d.DiagnosticsManager]   neostore.relationshipgroupstore.db.id: 2021-01-17T18:42:08+0000 - 9.00 B
2021-01-17 18:42:10.075+0000 INFO [o.n.i.d.DiagnosticsManager]   neostore.relationshipstore.db: 2021-01-17T18:42:08+0000 - 0.00 B
2021-01-17 18:42:10.078+0000 INFO [o.n.i.d.DiagnosticsManager]   neostore.relationshipstore.db.id: 2021-01-17T18:42:08+0000 - 9.00 B
2021-01-17 18:42:10.080+0000 INFO [o.n.i.d.DiagnosticsManager]   neostore.relationshiptypestore.db: 2021-01-17T18:42:08+0000 - 0.00 B
2021-01-17 18:42:10.082+0000 INFO [o.n.i.d.DiagnosticsManager]   neostore.relationshiptypestore.db.id: 2021-01-17T18:42:08+0000 - 9.00 B
2021-01-17 18:42:10.085+0000 INFO [o.n.i.d.DiagnosticsManager]   neostore.relationshiptypestore.db.names: 2021-01-17T18:42:08+0000 - 8.00 kB
2021-01-17 18:42:10.087+0000 INFO [o.n.i.d.DiagnosticsManager]   neostore.relationshiptypestore.db.names.id: 2021-01-17T18:42:08+0000 - 9.00 B
2021-01-17 18:42:10.089+0000 INFO [o.n.i.d.DiagnosticsManager]   neostore.schemastore.db: 2021-01-17T18:42:08+0000 - 8.00 kB
2021-01-17 18:42:10.091+0000 INFO [o.n.i.d.DiagnosticsManager]   neostore.schemastore.db.id: 2021-01-17T18:42:08+0000 - 9.00 B
2021-01-17 18:42:10.093+0000 INFO [o.n.i.d.DiagnosticsManager]   neostore.transaction.db.0: 2021-01-17T18:42:09+0000 - 16.00 B
2021-01-17 18:42:10.094+0000 INFO [o.n.i.d.DiagnosticsManager] Storage summary: 
2021-01-17 18:42:10.095+0000 INFO [o.n.i.d.DiagnosticsManager]   Total size of store: 112.24 kB
2021-01-17 18:42:10.096+0000 INFO [o.n.i.d.DiagnosticsManager]   Total size of mapped files: 112.00 kB
2021-01-17 18:42:10.097+0000 INFO [o.n.i.d.DiagnosticsManager] --- STARTED diagnostics for KernelDiagnostics:StoreFiles END ---
2021-01-17 18:42:10.099+0000 INFO [o.n.k.a.DatabaseAvailabilityGuard] Fulfilling of requirement 'Database available' makes database graph.db available.
2021-01-17 18:42:10.100+0000 INFO [o.n.k.a.DatabaseAvailabilityGuard] Database graph.db is ready.
2021-01-17 18:42:10.101+0000 INFO [o.n.k.i.DatabaseHealth] Database health set to OK
2021-01-17 18:42:10.890+0000 INFO [o.n.b.BoltServer] Bolt server loaded
2021-01-17 18:42:11.314+0000 INFO [o.n.b.BoltServer] Bolt enabled on 0.0.0.0:7687.
2021-01-17 18:42:14.782+0000 INFO [o.n.i.d.DiagnosticsManager] --- SERVER STARTED START ---
2021-01-17 18:42:16.864+0000 INFO [o.n.i.d.DiagnosticsManager] --- SERVER STARTED END ---
